Build started 07/01/2026 15:19:32.
     1>Project "C:\ProjetAntigravity\SingleTaskRound2\src\SingleTask\SingleTask.csproj" on node 1 (Restore target(s)).
     1>_GetAllRestoreProjectPathItems:
         Determining projects to restore...
     1>Project "C:\ProjetAntigravity\SingleTaskRound2\src\SingleTask\SingleTask.csproj" (1) is building "C:\ProjetAntigravity\SingleTaskRound2\src\SingleTask.Core\SingleTask.Core.csproj" (2:4) on node 1 (_GenerateProjectRestoreGraph target(s)).
     2>AddPrunePackageReferences:
         Loading prune package data from PrunePackageData folder
         Failed to load prune package data from PrunePackageData folder, loading from targeting packs instead
         Looking for targeting packs in C:\Program Files\dotnet\packs\Microsoft.NETCore.App.Ref
         Pack directories found: C:\Program Files\dotnet\packs\Microsoft.NETCore.App.Ref\10.0.0
         Found package overrides file C:\Program Files\dotnet\packs\Microsoft.NETCore.App.Ref\10.0.0\data\PackageOverrides.txt
     2>Done Building Project "C:\ProjetAntigravity\SingleTaskRound2\src\SingleTask.Core\SingleTask.Core.csproj" (_GenerateProjectRestoreGraph target(s)).
     1>Project "C:\ProjetAntigravity\SingleTaskRound2\src\SingleTask\SingleTask.csproj" (1) is building "C:\ProjetAntigravity\SingleTaskRound2\src\SingleTask\SingleTask.csproj" (1:10) on node 1 (_GenerateProjectRestoreGraph target(s)).
  1:10>Project "C:\ProjetAntigravity\SingleTaskRound2\src\SingleTask\SingleTask.csproj" (1:10) is building "C:\ProjetAntigravity\SingleTaskRound2\src\SingleTask\SingleTask.csproj" (1:13) on node 1 (_GenerateProjectRestoreGraphPerFramework target(s)).
     1>ProcessFrameworkReferences:
       C:\Program Files\dotnet\sdk\10.0.100\Sdks\Microsoft.NET.Sdk\targets\Microsoft.NET.Sdk.FrameworkReferenceResolution.targets(190,5): message NETSDK1084: There is no application host available for the specified RuntimeIdentifier 'android-arm64'. [C:\ProjetAntigravity\SingleTaskRound2\src\SingleTask\SingleTask.csproj::TargetFramework=net10.0-android]
       C:\Program Files\dotnet\sdk\10.0.100\Sdks\Microsoft.NET.Sdk\targets\Microsoft.NET.Sdk.FrameworkReferenceResolution.targets(190,5): message NETSDK1084: There is no application host available for the specified RuntimeIdentifier 'android-x64'. [C:\ProjetAntigravity\SingleTaskRound2\src\SingleTask\SingleTask.csproj::TargetFramework=net10.0-android]
       AddPrunePackageReferences:
         Loading prune package data from PrunePackageData folder
         Failed to load prune package data from PrunePackageData folder, loading from targeting packs instead
         Looking for targeting packs in C:\Program Files\dotnet\packs\Microsoft.NETCore.App.Ref
         Pack directories found: C:\Program Files\dotnet\packs\Microsoft.NETCore.App.Ref\10.0.0
         Found package overrides file C:\Program Files\dotnet\packs\Microsoft.NETCore.App.Ref\10.0.0\data\PackageOverrides.txt
     1>Done Building Project "C:\ProjetAntigravity\SingleTaskRound2\src\SingleTask\SingleTask.csproj" (_GenerateProjectRestoreGraphPerFramework target(s)).
  1:10>Project "C:\ProjetAntigravity\SingleTaskRound2\src\SingleTask\SingleTask.csproj" (1:10) is building "C:\ProjetAntigravity\SingleTaskRound2\src\SingleTask\SingleTask.csproj" (1:14) on node 1 (_GenerateProjectRestoreGraphPerFramework target(s)).
     1>AddPrunePackageReferences:
         Loading prune package data from PrunePackageData folder
         Failed to load prune package data from PrunePackageData folder, loading from targeting packs instead
         Looking for targeting packs in C:\Program Files\dotnet\packs\Microsoft.NETCore.App.Ref
         Pack directories found: C:\Program Files\dotnet\packs\Microsoft.NETCore.App.Ref\10.0.0
         Found package overrides file C:\Program Files\dotnet\packs\Microsoft.NETCore.App.Ref\10.0.0\data\PackageOverrides.txt
     1>Done Building Project "C:\ProjetAntigravity\SingleTaskRound2\src\SingleTask\SingleTask.csproj" (_GenerateProjectRestoreGraphPerFramework target(s)).
     1>Done Building Project "C:\ProjetAntigravity\SingleTaskRound2\src\SingleTask\SingleTask.csproj" (_GenerateProjectRestoreGraph target(s)).
     1>Restore:
         X.509 certificate chain validation will use the default trust store selected by .NET for code signing.
         X.509 certificate chain validation will use the default trust store selected by .NET for timestamping.
         Assets file has not changed. Skipping assets file writing. Path: C:\ProjetAntigravity\SingleTaskRound2\src\SingleTask.Core\obj\project.assets.json
         Assets file has not changed. Skipping assets file writing. Path: C:\ProjetAntigravity\SingleTaskRound2\src\SingleTask\obj\project.assets.json
         Restored C:\ProjetAntigravity\SingleTaskRound2\src\SingleTask\SingleTask.csproj (in 48 ms).
         Restored C:\ProjetAntigravity\SingleTaskRound2\src\SingleTask.Core\SingleTask.Core.csproj (in 46 ms).
         
         NuGet Config files used:
             C:\Users\Gragware\AppData\Roaming\NuGet\NuGet.Config
             C:\Program Files (x86)\NuGet\Config\Microsoft.VisualStudio.FallbackLocation.config
             C:\Program Files (x86)\NuGet\Config\Microsoft.VisualStudio.Offline.config
         
         Feeds used:
             https://api.nuget.org/v3/index.json
             C:\Program Files (x86)\Microsoft SDKs\NuGetPackages\
             C:\Program Files\dotnet\library-packs
         All projects are up-to-date for restore.
     1>Done Building Project "C:\ProjetAntigravity\SingleTaskRound2\src\SingleTask\SingleTask.csproj" (Restore target(s)).

Build succeeded.
    0 Warning(s)
    0 Error(s)

Time Elapsed 00:00:01.22
Build started 07/01/2026 15:19:33.
     1>Project "C:\ProjetAntigravity\SingleTaskRound2\src\SingleTask\SingleTask.csproj" on node 1 (default targets).
     1>ProcessFrameworkReferences:
       C:\Program Files\dotnet\sdk\10.0.100\Sdks\Microsoft.NET.Sdk\targets\Microsoft.NET.Sdk.FrameworkReferenceResolution.targets(190,5): message NETSDK1084: There is no application host available for the specified RuntimeIdentifier 'android-arm64'. [C:\ProjetAntigravity\SingleTaskRound2\src\SingleTask\SingleTask.csproj::TargetFramework=net10.0-android]
       C:\Program Files\dotnet\sdk\10.0.100\Sdks\Microsoft.NET.Sdk\targets\Microsoft.NET.Sdk.FrameworkReferenceResolution.targets(190,5): message NETSDK1084: There is no application host available for the specified RuntimeIdentifier 'android-x64'. [C:\ProjetAntigravity\SingleTaskRound2\src\SingleTask\SingleTask.csproj::TargetFramework=net10.0-android]
       _ResolveAndroidTooling:
         Found Java SDK version 21.0.8.
       _ResolveMonoAndroidSdks:
         MonoAndroid Tools: C:\Program Files\dotnet\packs\Microsoft.Android.Sdk.Windows\36.1.2\tools\
         Android Platform API level: 36
         TargetFrameworkVersion: v10.0
         Android NDK: 
         Android SDK: C:\Program Files (x86)\Android\android-sdk\
         Android SDK Build Tools: C:\Program Files (x86)\Android\android-sdk\build-tools\36.0.0\
         Java SDK: C:\Program Files\Android\openjdk\jdk-21.0.8\
         Application Java class: android.app.Application
     1>C:\ProjetAntigravity\SingleTaskRound2\src\SingleTask\Platforms\Android\AndroidManifest.xml : warning XA4211: AndroidManifest.xml //uses-sdk/@android:targetSdkVersion '35' is less than $(TargetPlatformVersion) '36.0'. Using API-36 for ACW compilation. [C:\ProjetAntigravity\SingleTaskRound2\src\SingleTask\SingleTask.csproj::TargetFramework=net10.0-android]
       _ResolveXamarinAndroidTools:
          Looking for Android NDK...
          Looking for Android SDK...
          Found Xamarin.Android 16.0.0.103
       _CleanIntermediateIfNeeded:
       Skipping target "_CleanIntermediateIfNeeded" because all output files are up-to-date with respect to the input files.
       _ExtractAar:
       Skipping target "_ExtractAar" because it has no inputs.
       _SetupDesignerProperties:
         _OuterIntermediateOutputPath: 
         IntermediateOutputPath: obj\Release\net10.0-android\
     1>Project "C:\ProjetAntigravity\SingleTaskRound2\src\SingleTask\SingleTask.csproj" (1) is building "C:\ProjetAntigravity\SingleTaskRound2\src\SingleTask.Core\SingleTask.Core.csproj" (2:2) on node 1 (default targets).
     2>GenerateTargetFrameworkMonikerAttribute:
       Skipping target "GenerateTargetFrameworkMonikerAttribute" because all output files are up-to-date with respect to the input files.
       CoreGenerateAssemblyInfo:
       Skipping target "CoreGenerateAssemblyInfo" because all output files are up-to-date with respect to the input files.
       _GenerateSourceLinkFile:
         Source Link is empty, file 'obj\Release\net10.0\SingleTask.Core.sourcelink.json' does not exist.
       CoreCompile:
       Skipping target "CoreCompile" because all output files are up-to-date with respect to the input files.
       GenerateBuildDependencyFile:
       Skipping target "GenerateBuildDependencyFile" because all output files are up-to-date with respect to the input files.
       CopyFilesToOutputDirectory:
         SingleTask.Core -> C:\ProjetAntigravity\SingleTaskRound2\src\SingleTask.Core\bin\Release\net10.0\SingleTask.Core.dll
     2>Done Building Project "C:\ProjetAntigravity\SingleTaskRound2\src\SingleTask.Core\SingleTask.Core.csproj" (default targets).
     1>ProcessMauiSplashScreens:
       Skipping target "ProcessMauiSplashScreens" because all output files are up-to-date with respect to the input files.
       ProcessMauiFonts:
       Skipping target "ProcessMauiFonts" because all output files are up-to-date with respect to the input files.
       ResizetizeImages:
       Skipping target "ResizetizeImages" because all output files are up-to-date with respect to the input files.
       _ResolveLibraryProjectImports:
       Skipping target "_ResolveLibraryProjectImports" because all output files are up-to-date with respect to the input files.
       _BuildLibraryImportsCache:
       Skipping target "_BuildLibraryImportsCache" because all output files are up-to-date with respect to the input files.
       _GenerateResourceCaseMap:
       Skipping target "_GenerateResourceCaseMap" because all output files are up-to-date with respect to the input files.
       _GenerateResourceDesignerIntermediateClass:
       Skipping target "_GenerateResourceDesignerIntermediateClass" because all output files are up-to-date with respect to the input files.
       _GenerateLayoutBindings:
       Skipping target "_GenerateLayoutBindings" because it has no outputs.
       _ConvertResourcesCases:
       Skipping target "_ConvertResourcesCases" because all output files are up-to-date with respect to the input files.
       _CompileResources:
       Skipping target "_CompileResources" because all output files are up-to-date with respect to the input files.
       _PrepareUpdateAndroidResgen:
       Skipping target "_PrepareUpdateAndroidResgen" because all output files are up-to-date with respect to the input files.
       _UpdateAndroidResgen:
       Skipping target "_UpdateAndroidResgen" because all output files are up-to-date with respect to the input files.
       GenerateTargetFrameworkMonikerAttribute:
       Skipping target "GenerateTargetFrameworkMonikerAttribute" because all output files are up-to-date with respect to the input files.
       CoreGenerateAssemblyInfo:
       Skipping target "CoreGenerateAssemblyInfo" because all output files are up-to-date with respect to the input files.
       _GenerateSourceLinkFile:
         Source Link is empty, file 'obj\Release\net10.0-android\SingleTask.sourcelink.json' does not exist.
       CoreCompile:
       Skipping target "CoreCompile" because all output files are up-to-date with respect to the input files.
       XamlC:
       Skipping target "XamlC" because all output files are up-to-date with respect to the input files.
       GenerateBuildRuntimeConfigurationFiles:
       Skipping target "GenerateBuildRuntimeConfigurationFiles" because all output files are up-to-date with respect to the input files.
       _ParseRuntimeConfigFiles:
       Skipping target "_ParseRuntimeConfigFiles" because all output files are up-to-date with respect to the input files.
       CopyFilesToOutputDirectory:
         SingleTask -> C:\ProjetAntigravity\SingleTaskRound2\src\SingleTask\bin\Release\net10.0-android\SingleTask.dll
     1>Project "C:\ProjetAntigravity\SingleTaskRound2\src\SingleTask\SingleTask.csproj" (1) is building "C:\ProjetAntigravity\SingleTaskRound2\src\SingleTask\SingleTask.csproj" (1:2) on node 2 (_ComputeFilesToPublishForRuntimeIdentifiers target(s)).
   1:2>Project "C:\ProjetAntigravity\SingleTaskRound2\src\SingleTask\SingleTask.csproj" (1:2) is building "C:\ProjetAntigravity\SingleTaskRound2\src\SingleTask.Core\SingleTask.Core.csproj" (2:8) on node 2 (default targets).
     2>GenerateTargetFrameworkMonikerAttribute:
       Skipping target "GenerateTargetFrameworkMonikerAttribute" because all output files are up-to-date with respect to the input files.
       CoreGenerateAssemblyInfo:
       Skipping target "CoreGenerateAssemblyInfo" because all output files are up-to-date with respect to the input files.
       _GenerateSourceLinkFile:
         Source Link is empty, file 'obj\Release\net10.0\SingleTask.Core.sourcelink.json' does not exist.
       CoreCompile:
       Skipping target "CoreCompile" because all output files are up-to-date with respect to the input files.
       GenerateBuildDependencyFile:
       Skipping target "GenerateBuildDependencyFile" because all output files are up-to-date with respect to the input files.
       CopyFilesToOutputDirectory:
         SingleTask.Core -> C:\ProjetAntigravity\SingleTaskRound2\src\SingleTask.Core\bin\Release\net10.0\SingleTask.Core.dll
     2>Done Building Project "C:\ProjetAntigravity\SingleTaskRound2\src\SingleTask.Core\SingleTask.Core.csproj" (default targets).
     1>_SetupDesignerProperties:
         _OuterIntermediateOutputPath: obj\Release\net10.0-android\
         IntermediateOutputPath: obj\Release\net10.0-android\android-x64\
     1>Project "C:\ProjetAntigravity\SingleTaskRound2\src\SingleTask\SingleTask.csproj" (1) is building "C:\ProjetAntigravity\SingleTaskRound2\src\SingleTask\SingleTask.csproj" (1:3) on node 1 (_ComputeFilesToPublishForRuntimeIdentifiers target(s)).
     1>_SetupDesignerProperties:
         _OuterIntermediateOutputPath: obj\Release\net10.0-android\
         IntermediateOutputPath: obj\Release\net10.0-android\android-arm64\
       _ResolveAndroidTooling:
         Found Java SDK version 21.0.8.
       _ResolveMonoAndroidSdks:
         MonoAndroid Tools: C:\Program Files\dotnet\packs\Microsoft.Android.Sdk.Windows\36.1.2\tools\
         Android Platform API level: 36
         TargetFrameworkVersion: v10.0
         Android NDK: 
         Android SDK: C:\Program Files (x86)\Android\android-sdk\
         Android SDK Build Tools: C:\Program Files (x86)\Android\android-sdk\build-tools\36.0.0\
         Java SDK: C:\Program Files\Android\openjdk\jdk-21.0.8\
         Application Java class: android.app.Application
     1>_ResolveAndroidTooling:
         Found Java SDK version 21.0.8.
       _ResolveMonoAndroidSdks:
         MonoAndroid Tools: C:\Program Files\dotnet\packs\Microsoft.Android.Sdk.Windows\36.1.2\tools\
         Android Platform API level: 36
         TargetFrameworkVersion: v10.0
         Android NDK: 
         Android SDK: C:\Program Files (x86)\Android\android-sdk\
         Android SDK Build Tools: C:\Program Files (x86)\Android\android-sdk\build-tools\36.0.0\
         Java SDK: C:\Program Files\Android\openjdk\jdk-21.0.8\
         Application Java class: android.app.Application
       _ComputeManagedAssemblyToLink:
         Task assembly was loaded from 'C:\Program Files\dotnet\sdk\10.0.100\Microsoft.Build.dll' while the desired location was 'C:\Users\Gragware\.nuget\packages\microsoft.net.illink.tasks\10.0.0\tools\net\ILLink.Tasks.dll'.
     1>_ComputeManagedAssemblyToLink:
         Task assembly was loaded from 'C:\Program Files\dotnet\sdk\10.0.100\Microsoft.Build.dll' while the desired location was 'C:\Users\Gragware\.nuget\packages\microsoft.net.illink.tasks\10.0.0\tools\net\ILLink.Tasks.dll'.
     1>PrepareForILLink:
         Optimizing assemblies for size may change the behavior of the app. Be sure to test after publishing. See: https://aka.ms/dotnet-illink
       _RunILLink:
       Skipping target "_RunILLink" because all output files are up-to-date with respect to the input files.
       _TouchAndroidLinkFlag:
       Skipping target "_TouchAndroidLinkFlag" because all output files are up-to-date with respect to the input files.
     1>Done Building Project "C:\ProjetAntigravity\SingleTaskRound2\src\SingleTask\SingleTask.csproj" (_ComputeFilesToPublishForRuntimeIdentifiers target(s)).
     1>PrepareForILLink:
         Optimizing assemblies for size may change the behavior of the app. Be sure to test after publishing. See: https://aka.ms/dotnet-illink
       _RunILLink:
       Skipping target "_RunILLink" because all output files are up-to-date with respect to the input files.
       _TouchAndroidLinkFlag:
       Skipping target "_TouchAndroidLinkFlag" because all output files are up-to-date with respect to the input files.
     1>Done Building Project "C:\ProjetAntigravity\SingleTaskRound2\src\SingleTask\SingleTask.csproj" (_ComputeFilesToPublishForRuntimeIdentifiers target(s)).
     1>_AfterILLinkAdditionalSteps:
       Skipping target "_AfterILLinkAdditionalSteps" because all output files are up-to-date with respect to the input files.
       _GenerateJavaStubs:
       Skipping target "_GenerateJavaStubs" because all output files are up-to-date with respect to the input files.
     1>Project "C:\ProjetAntigravity\SingleTaskRound2\src\SingleTask\SingleTask.csproj" (1) is building "C:\ProjetAntigravity\SingleTaskRound2\src\SingleTask\SingleTask.csproj" (1:4) on node 1 (_AndroidAotAndComputeFilesToPublishForRuntimeIdentifiers target(s)).
     1>_AndroidAotCompilation:
       Skipping target "_AndroidAotCompilation" because all output files are up-to-date with respect to the input files.
     1>Project "C:\ProjetAntigravity\SingleTaskRound2\src\SingleTask\SingleTask.csproj" (1) is building "C:\ProjetAntigravity\SingleTaskRound2\src\SingleTask\SingleTask.csproj" (1:5) on node 2 (_AndroidAotAndComputeFilesToPublishForRuntimeIdentifiers target(s)).
     1>_AndroidAotCompilation:
       Skipping target "_AndroidAotCompilation" because all output files are up-to-date with respect to the input files.
     1>Done Building Project "C:\ProjetAntigravity\SingleTaskRound2\src\SingleTask\SingleTask.csproj" (_AndroidAotAndComputeFilesToPublishForRuntimeIdentifiers target(s)).
     1>Done Building Project "C:\ProjetAntigravity\SingleTaskRound2\src\SingleTask\SingleTask.csproj" (_AndroidAotAndComputeFilesToPublishForRuntimeIdentifiers target(s)).
     1>_ManifestMerger:
       Skipping target "_ManifestMerger" because all output files are up-to-date with respect to the input files.
       _ConvertCustomView:
       Skipping target "_ConvertCustomView" because all output files are up-to-date with respect to the input files.
       _AddStaticResources:
       Skipping target "_AddStaticResources" because all output files are up-to-date with respect to the input files.
       _GenerateEmptyAndroidRemapNativeCode:
       Skipping target "_GenerateEmptyAndroidRemapNativeCode" because all output files are up-to-date with respect to the input files.
       _GeneratePackageManagerJava:
       Skipping target "_GeneratePackageManagerJava" because all output files are up-to-date with respect to the input files.
       _GenerateAndroidAssetsDir:
       Skipping target "_GenerateAndroidAssetsDir" because all output files are up-to-date with respect to the input files.
       _PrepareCreateBaseApk:
       Skipping target "_PrepareCreateBaseApk" because all output files are up-to-date with respect to the input files.
       _CreateBaseApk:
       Skipping target "_CreateBaseApk" because all output files are up-to-date with respect to the input files.
       _CompileJava:
       Skipping target "_CompileJava" because all output files are up-to-date with respect to the input files.
       _CompileNativeAssemblySources:
       Skipping target "_CompileNativeAssemblySources" because all output files are up-to-date with respect to the input files.
       _CreateApplicationSharedLibraries:
       Skipping target "_CreateApplicationSharedLibraries" because all output files are up-to-date with respect to the input files.
       _CompileToDalvik:
       Skipping target "_CompileToDalvik" because all output files are up-to-date with respect to the input files.
       _RemoveRegisterAttribute:
       Skipping target "_RemoveRegisterAttribute" because all output files are up-to-date with respect to the input files.
     1>C:\Program Files\dotnet\packs\Microsoft.Android.Sdk.Windows\36.1.2\targets\Microsoft.Android.Sdk.Tooling.targets(72,5): warning XA1006: The TargetFrameworkVersion (Android API level 36) is higher than the targetSdkVersion (35). Please increase the `android:targetSdkVersion` in the `AndroidManifest.xml` so that the API levels match. [C:\ProjetAntigravity\SingleTaskRound2\src\SingleTask\SingleTask.csproj::TargetFramework=net10.0-android]
       _CreateAssetPackManifests:
       Skipping target "_CreateAssetPackManifests" because it has no outputs.
       _BuildAssetPacks:
       Skipping target "_BuildAssetPacks" because it has no outputs.
       _CompressAssemblies:
       Skipping target "_CompressAssemblies" because all output files are up-to-date with respect to the input files.
       _BuildApkEmbed:
       Skipping target "_BuildApkEmbed" because all output files are up-to-date with respect to the input files.
       _CopyPackage:
         Deleting file "bin\Release\net10.0-android\com.kingjo.singletask.aab".
         Copying file from "C:\ProjetAntigravity\SingleTaskRound2\src\SingleTask\obj\Release\net10.0-android\android\bin\com.kingjo.singletask.aab" to "C:\ProjetAntigravity\SingleTaskRound2\src\SingleTask\bin\Release\net10.0-android\com.kingjo.singletask.aab".
       _Sign:
       Skipping target "_Sign" because all output files are up-to-date with respect to the input files.
     1>Done Building Project "C:\ProjetAntigravity\SingleTaskRound2\src\SingleTask\SingleTask.csproj" (default targets).

Build succeeded.

       "C:\ProjetAntigravity\SingleTaskRound2\src\SingleTask\SingleTask.csproj" (default target) (1) ->
       (_GetJavaPlatformJar target) -> 
         C:\ProjetAntigravity\SingleTaskRound2\src\SingleTask\Platforms\Android\AndroidManifest.xml : warning XA4211: AndroidManifest.xml //uses-sdk/@android:targetSdkVersion '35' is less than $(TargetPlatformVersion) '36.0'. Using API-36 for ACW compilation. [C:\ProjetAntigravity\SingleTaskRound2\src\SingleTask\SingleTask.csproj::TargetFramework=net10.0-android]


       "C:\ProjetAntigravity\SingleTaskRound2\src\SingleTask\SingleTask.csproj" (default target) (1) ->
       (_CheckGoogleSdkRequirements target) -> 
         C:\Program Files\dotnet\packs\Microsoft.Android.Sdk.Windows\36.1.2\targets\Microsoft.Android.Sdk.Tooling.targets(72,5): warning XA1006: The TargetFrameworkVersion (Android API level 36) is higher than the targetSdkVersion (35). Please increase the `android:targetSdkVersion` in the `AndroidManifest.xml` so that the API levels match. [C:\ProjetAntigravity\SingleTaskRound2\src\SingleTask\SingleTask.csproj::TargetFramework=net10.0-android]

    2 Warning(s)
    0 Error(s)

Time Elapsed 00:00:02.89
